<?xml version="1.0" encoding="UTF-8"?>
<!-- Generated by org.testng.reporters.JUnitReportReporter -->
<testsuite skipped="0" hostname="c-PC" name="com.testcases.VerifyOrangeHRM" tests="1" failures="0" timestamp="2020-08-18T08:57:32 IST" time="8.619" errors="0">
  <testcase name="verifyUserManagementPage" time="8.619" classname="com.testcases.VerifyOrangeHRM"/>
  <system-out/>
</testsuite> <!-- com.testcases.VerifyOrangeHRM -->
