<?xml version="1.0" encoding="UTF-8"?>
<!-- Generated by org.testng.reporters.JUnitReportReporter -->
<testsuite skipped="0" hostname="c-PC" name="com.pages.TestNG_methods" tests="4" failures="0" timestamp="2020-08-15T08:49:12 IST" time="0.030" errors="0">
  <testcase name="test2" time="0.014" classname="com.pages.TestNG_methods"/>
  <system-out/>
  <testcase name="test4" time="0.004" classname="com.pages.TestNG_methods"/>
  <system-out/>
  <testcase name="test1" time="0.006" classname="com.pages.TestNG_methods"/>
  <system-out/>
  <testcase name="test3" time="0.006" classname="com.pages.TestNG_methods"/>
  <system-out/>
</testsuite> <!-- com.pages.TestNG_methods -->
